2018-03-10 13:54:36.260  INFO 5244 --- [main] com.kjz.www.ArticleApplication           : Starting ArticleApplication on PC-201801231402 with PID 5244 (started by Administrator in E:\Article项目\article)
2018-03-10 13:54:36.277  INFO 5244 --- [main] com.kjz.www.ArticleApplication           : No active profile set, falling back to default profiles: default
2018-03-10 13:54:37.837  WARN 5244 --- [main] o.m.s.mapper.ClassPathMapperScanner      : No MyBatis mapper was found in '[com.kjz.www]' package. Please check your configuration.
2018-03-10 13:54:38.977  INFO 5244 --- [main] o.apache.catalina.core.StandardService   : Starting service [Tomcat]
2018-03-10 13:54:38.979  INFO 5244 --- [main] org.apache.catalina.core.StandardEngine  : Starting Servlet Engine: Apache Tomcat/8.5.27
2018-03-10 13:54:39.091  INFO 5244 --- [localhost-startStop-1] o.a.c.c.C.[Tomcat].[localhost].[/]       : Initializing Spring embedded WebApplicationContext
2018-03-10 13:54:41.230  INFO 5244 --- [main] com.kjz.www.ArticleApplication           : Started ArticleApplication in 5.562 seconds (JVM running for 6.652)
2018-03-10 13:54:53.889  INFO 5244 --- [http-nio-8080-exec-1] o.a.c.c.C.[Tomcat].[localhost].[/]       : Initializing Spring FrameworkServlet 'dispatcherServlet'
2018-03-10 13:54:54.241  INFO 5244 --- [http-nio-8080-exec-4] visitLog                                 : |X-Real-IP=null|RequestURI=/article/getAdminArticleList|RequestURL=http://localhost:8080/article/getAdminArticleList|referer=http://localhost:8080/admin/article/articleList.html|RequestedSessionId=541D6ED7503D96DB4C01C2CD5DD13602|User-Agent=Mozilla/5.0 (Windows NT 10.0; Win64; x64) AppleWebKit/537.36 (KHTML, like Gecko) Chrome/63.0.3239.132 Safari/537.36|parameter={"keyword":[""],"order":["user_id"],"pageNo":["1"],"pageSize":["10"],"tbStatus":[""]}|SessionId=BFF52C45ECD1B6743294F8A766BB8C6E|RemoteAddr=0:0:0:0:0:0:0:1|RemoteHost=0:0:0:0:0:0:0:1|RemotePort=58871
2018-03-10 13:54:54.276  INFO 5244 --- [http-nio-8080-exec-3] visitLog                                 : |X-Real-IP=null|RequestURI=/error|RequestURL=http://localhost:8080/error|referer=null|RequestedSessionId=541D6ED7503D96DB4C01C2CD5DD13602|User-Agent=Mozilla/5.0 (Windows NT 10.0; Win64; x64) AppleWebKit/537.36 (KHTML, like Gecko) Chrome/63.0.3239.132 Safari/537.36|parameter={}|SessionId=8C57D2978FEBBC3EFCE6A24115B41F49|RemoteAddr=0:0:0:0:0:0:0:1|RemoteHost=0:0:0:0:0:0:0:1|RemotePort=58873
2018-03-10 13:54:54.455  INFO 5244 --- [http-nio-8080-exec-4] com.alibaba.druid.pool.DruidDataSource   : {dataSource-1} inited
2018-03-10 13:56:52.973  INFO 2280 --- [main] com.kjz.www.ArticleApplication           : Starting ArticleApplication on PC-201801231402 with PID 2280 (started by Administrator in E:\Article项目\article)
2018-03-10 13:56:52.979  INFO 2280 --- [main] com.kjz.www.ArticleApplication           : No active profile set, falling back to default profiles: default
2018-03-10 13:56:54.590  WARN 2280 --- [main] o.m.s.mapper.ClassPathMapperScanner      : No MyBatis mapper was found in '[com.kjz.www]' package. Please check your configuration.
2018-03-10 13:56:55.728  INFO 2280 --- [main] o.apache.catalina.core.StandardService   : Starting service [Tomcat]
2018-03-10 13:56:55.729  INFO 2280 --- [main] org.apache.catalina.core.StandardEngine  : Starting Servlet Engine: Apache Tomcat/8.5.27
2018-03-10 13:56:55.839  INFO 2280 --- [localhost-startStop-1] o.a.c.c.C.[Tomcat].[localhost].[/]       : Initializing Spring embedded WebApplicationContext
2018-03-10 13:56:58.286  INFO 2280 --- [main] com.kjz.www.ArticleApplication           : Started ArticleApplication in 5.783 seconds (JVM running for 6.776)
2018-03-10 14:02:30.255  INFO 6432 --- [main] com.kjz.www.ArticleApplication           : Starting ArticleApplication on PC-201801231402 with PID 6432 (started by Administrator in E:\Article项目\article)
2018-03-10 14:02:30.260  INFO 6432 --- [main] com.kjz.www.ArticleApplication           : No active profile set, falling back to default profiles: default
2018-03-10 14:02:31.847  WARN 6432 --- [main] o.m.s.mapper.ClassPathMapperScanner      : No MyBatis mapper was found in '[com.kjz.www]' package. Please check your configuration.
2018-03-10 14:02:32.940  INFO 6432 --- [main] o.apache.catalina.core.StandardService   : Starting service [Tomcat]
2018-03-10 14:02:32.941  INFO 6432 --- [main] org.apache.catalina.core.StandardEngine  : Starting Servlet Engine: Apache Tomcat/8.5.27
2018-03-10 14:02:33.051  INFO 6432 --- [localhost-startStop-1] o.a.c.c.C.[Tomcat].[localhost].[/]       : Initializing Spring embedded WebApplicationContext
2018-03-10 14:02:35.032  INFO 6432 --- [main] com.kjz.www.ArticleApplication           : Started ArticleApplication in 5.166 seconds (JVM running for 6.139)
2018-03-10 14:04:24.000  INFO 6432 --- [http-nio-8080-exec-1] o.a.c.c.C.[Tomcat].[localhost].[/]       : Initializing Spring FrameworkServlet 'dispatcherServlet'
2018-03-10 14:04:24.395  INFO 6432 --- [http-nio-8080-exec-3] visitLog                                 : |X-Real-IP=null|RequestURI=/article/getAdminArticleList|RequestURL=http://localhost:8080/article/getAdminArticleList|referer=http://localhost:8080/admin/article/articleList.html|RequestedSessionId=BFF52C45ECD1B6743294F8A766BB8C6E|User-Agent=Mozilla/5.0 (Windows NT 10.0; Win64; x64) AppleWebKit/537.36 (KHTML, like Gecko) Chrome/63.0.3239.132 Safari/537.36|parameter={"keyword":[""],"order":["user_id"],"pageNo":["1"],"pageSize":["10"],"tbStatus":[""]}|SessionId=74012A30A56EB2EAAB20664D7C780A42|RemoteAddr=0:0:0:0:0:0:0:1|RemoteHost=0:0:0:0:0:0:0:1|RemotePort=59864
2018-03-10 14:04:24.431  INFO 6432 --- [http-nio-8080-exec-4] visitLog                                 : |X-Real-IP=null|RequestURI=/error|RequestURL=http://localhost:8080/error|referer=null|RequestedSessionId=BFF52C45ECD1B6743294F8A766BB8C6E|User-Agent=Mozilla/5.0 (Windows NT 10.0; Win64; x64) AppleWebKit/537.36 (KHTML, like Gecko) Chrome/63.0.3239.132 Safari/537.36|parameter={}|SessionId=3AF4DA8D19F6B52ECB16E066D1242E15|RemoteAddr=0:0:0:0:0:0:0:1|RemoteHost=0:0:0:0:0:0:0:1|RemotePort=59865
2018-03-10 14:04:24.601 DEBUG 6432 --- [http-nio-8080-exec-3] com.kjz.www.user.mapper.IUserMapper      : Cache Hit Ratio [com.kjz.www.user.mapper.IUserMapper]: 0.0
2018-03-10 14:04:24.656  INFO 6432 --- [http-nio-8080-exec-3] com.alibaba.druid.pool.DruidDataSource   : {dataSource-1} inited
2018-03-10 14:04:24.918 DEBUG 6432 --- [http-nio-8080-exec-3] c.k.www.user.mapper.IUserMapper.getById  : ==>  Preparing: select user_id,nickname,password,email,phone_number,salt,level,head_img,create_time,modify_time,tb_status from kjz_user where user_id = ? 
2018-03-10 14:04:24.943 DEBUG 6432 --- [http-nio-8080-exec-3] c.k.www.user.mapper.IUserMapper.getById  : ==> Parameters: 1(Integer)
2018-03-10 14:04:24.966 DEBUG 6432 --- [http-nio-8080-exec-3] c.k.www.user.mapper.IUserMapper.getById  : <==      Total: 1
2018-03-10 14:04:24.993 DEBUG 6432 --- [http-nio-8080-exec-3] c.kjz.www.article.mapper.IArticleMapper  : Cache Hit Ratio [com.kjz.www.article.mapper.IArticleMapper]: 0.0
2018-03-10 14:04:24.995 DEBUG 6432 --- [http-nio-8080-exec-3] c.k.w.a.mapper.IArticleMapper.getCount   : ==>  Preparing: select count(article_id) from kjz_article WHERE tb_status='正常' 
2018-03-10 14:04:24.997 DEBUG 6432 --- [http-nio-8080-exec-3] c.k.w.a.mapper.IArticleMapper.getCount   : ==> Parameters: 
2018-03-10 14:04:25.003 DEBUG 6432 --- [http-nio-8080-exec-3] c.k.w.a.mapper.IArticleMapper.getCount   : <==      Total: 1
2018-03-10 14:04:25.020 DEBUG 6432 --- [http-nio-8080-exec-3] c.kjz.www.article.mapper.IArticleMapper  : Cache Hit Ratio [com.kjz.www.article.mapper.IArticleMapper]: 0.0
2018-03-10 14:04:25.021 DEBUG 6432 --- [http-nio-8080-exec-3] c.k.w.a.mapper.IArticleMapper.getList    : ==>  Preparing: select article_id,user_id,title,content,clicks,type_name,is_pass,create_time,modify_time,tb_status from kjz_article WHERE tb_status='正常' order by user_id desc limit 0, 10 
2018-03-10 14:04:25.022 DEBUG 6432 --- [http-nio-8080-exec-3] c.k.w.a.mapper.IArticleMapper.getList    : ==> Parameters: 
2018-03-10 14:04:25.031 DEBUG 6432 --- [http-nio-8080-exec-3] c.k.w.a.mapper.IArticleMapper.getList    : <==      Total: 3
2018-03-10 14:16:32.703  INFO 4496 --- [main] com.kjz.www.ArticleApplication           : Starting ArticleApplication on PC-201801231402 with PID 4496 (started by Administrator in E:\Article项目\article)
2018-03-10 14:16:32.708  INFO 4496 --- [main] com.kjz.www.ArticleApplication           : No active profile set, falling back to default profiles: default
2018-03-10 14:16:34.342  WARN 4496 --- [main] o.m.s.mapper.ClassPathMapperScanner      : No MyBatis mapper was found in '[com.kjz.www]' package. Please check your configuration.
2018-03-10 14:16:35.496  INFO 4496 --- [main] o.apache.catalina.core.StandardService   : Starting service [Tomcat]
2018-03-10 14:16:35.497  INFO 4496 --- [main] org.apache.catalina.core.StandardEngine  : Starting Servlet Engine: Apache Tomcat/8.5.27
2018-03-10 14:16:35.612  INFO 4496 --- [localhost-startStop-1] o.a.c.c.C.[Tomcat].[localhost].[/]       : Initializing Spring embedded WebApplicationContext
2018-03-10 14:16:37.727  INFO 4496 --- [main] com.kjz.www.ArticleApplication           : Started ArticleApplication in 5.423 seconds (JVM running for 6.38)
2018-03-10 14:17:09.637  INFO 4496 --- [http-nio-8080-exec-1] o.a.c.c.C.[Tomcat].[localhost].[/]       : Initializing Spring FrameworkServlet 'dispatcherServlet'
2018-03-10 14:17:10.055  INFO 4496 --- [http-nio-8080-exec-3] visitLog                                 : |X-Real-IP=null|RequestURI=/article/getAdminArticleList|RequestURL=http://localhost:8080/article/getAdminArticleList|referer=http://localhost:8080/admin/article/articleList.html|RequestedSessionId=74012A30A56EB2EAAB20664D7C780A42|User-Agent=Mozilla/5.0 (Windows NT 10.0; Win64; x64) AppleWebKit/537.36 (KHTML, like Gecko) Chrome/63.0.3239.132 Safari/537.36|parameter={"keyword":[""],"order":["user_id"],"pageNo":["1"],"pageSize":["10"],"tbStatus":[""]}|SessionId=23A68F41430B0F52D218E980AA1E9547|RemoteAddr=0:0:0:0:0:0:0:1|RemoteHost=0:0:0:0:0:0:0:1|RemotePort=61143
2018-03-10 14:17:10.082  INFO 4496 --- [http-nio-8080-exec-4] visitLog                                 : |X-Real-IP=null|RequestURI=/error|RequestURL=http://localhost:8080/error|referer=null|RequestedSessionId=74012A30A56EB2EAAB20664D7C780A42|User-Agent=Mozilla/5.0 (Windows NT 10.0; Win64; x64) AppleWebKit/537.36 (KHTML, like Gecko) Chrome/63.0.3239.132 Safari/537.36|parameter={}|SessionId=794F268196958D0D409EBB683027C548|RemoteAddr=0:0:0:0:0:0:0:1|RemoteHost=0:0:0:0:0:0:0:1|RemotePort=61148
2018-03-10 14:17:10.205 DEBUG 4496 --- [http-nio-8080-exec-3] com.kjz.www.user.mapper.IUserMapper      : Cache Hit Ratio [com.kjz.www.user.mapper.IUserMapper]: 0.0
2018-03-10 14:17:10.248  INFO 4496 --- [http-nio-8080-exec-3] com.alibaba.druid.pool.DruidDataSource   : {dataSource-1} inited
2018-03-10 14:17:10.478 DEBUG 4496 --- [http-nio-8080-exec-3] c.k.www.user.mapper.IUserMapper.getById  : ==>  Preparing: select user_id,nickname,password,email,phone_number,salt,level,head_img,create_time,modify_time,tb_status from kjz_user where user_id = ? 
2018-03-10 14:17:10.512 DEBUG 4496 --- [http-nio-8080-exec-3] c.k.www.user.mapper.IUserMapper.getById  : ==> Parameters: 1(Integer)
2018-03-10 14:17:10.542 DEBUG 4496 --- [http-nio-8080-exec-3] c.k.www.user.mapper.IUserMapper.getById  : <==      Total: 1
2018-03-10 14:17:10.565 DEBUG 4496 --- [http-nio-8080-exec-3] c.kjz.www.article.mapper.IArticleMapper  : Cache Hit Ratio [com.kjz.www.article.mapper.IArticleMapper]: 0.0
2018-03-10 14:17:10.565 DEBUG 4496 --- [http-nio-8080-exec-3] c.k.w.a.mapper.IArticleMapper.getCount   : ==>  Preparing: select count(article_id) from kjz_article WHERE tb_status='正常' and is_pass= '通过' 
2018-03-10 14:17:10.566 DEBUG 4496 --- [http-nio-8080-exec-3] c.k.w.a.mapper.IArticleMapper.getCount   : ==> Parameters: 
2018-03-10 14:17:10.570 DEBUG 4496 --- [http-nio-8080-exec-3] c.k.w.a.mapper.IArticleMapper.getCount   : <==      Total: 1
2018-03-10 14:17:10.576 DEBUG 4496 --- [http-nio-8080-exec-3] c.kjz.www.article.mapper.IArticleMapper  : Cache Hit Ratio [com.kjz.www.article.mapper.IArticleMapper]: 0.0
2018-03-10 14:17:10.577 DEBUG 4496 --- [http-nio-8080-exec-3] c.k.w.a.mapper.IArticleMapper.getList    : ==>  Preparing: select article_id,user_id,title,content,clicks,type_name,is_pass,create_time,modify_time,tb_status from kjz_article WHERE tb_status='正常' and is_pass= '通过' order by user_id desc limit 0, 10 
2018-03-10 14:17:10.577 DEBUG 4496 --- [http-nio-8080-exec-3] c.k.w.a.mapper.IArticleMapper.getList    : ==> Parameters: 
2018-03-10 14:17:10.579 DEBUG 4496 --- [http-nio-8080-exec-3] c.k.w.a.mapper.IArticleMapper.getList    : <==      Total: 0
2018-03-10 14:17:59.598  INFO 4496 --- [http-nio-8080-exec-10] visitLog                                 : |X-Real-IP=null|RequestURI=/error|RequestURL=http://localhost:8080/error|referer=null|RequestedSessionId=23A68F41430B0F52D218E980AA1E9547|User-Agent=Mozilla/5.0 (Windows NT 10.0; Win64; x64) AppleWebKit/537.36 (KHTML, like Gecko) Chrome/63.0.3239.132 Safari/537.36|parameter={}|SessionId=23A68F41430B0F52D218E980AA1E9547|RemoteAddr=0:0:0:0:0:0:0:1|RemoteHost=0:0:0:0:0:0:0:1|RemotePort=61239
2018-03-10 14:17:59.676  INFO 4496 --- [http-nio-8080-exec-8] visitLog                                 : |X-Real-IP=null|RequestURI=/article/getAdminArticleList|RequestURL=http://localhost:8080/article/getAdminArticleList|referer=http://localhost:8080/admin/article/articleList.html|RequestedSessionId=23A68F41430B0F52D218E980AA1E9547|User-Agent=Mozilla/5.0 (Windows NT 10.0; Win64; x64) AppleWebKit/537.36 (KHTML, like Gecko) Chrome/63.0.3239.132 Safari/537.36|parameter={"keyword":[""],"order":["user_id"],"pageNo":["1"],"pageSize":["10"],"tbStatus":[""]}|SessionId=23A68F41430B0F52D218E980AA1E9547|RemoteAddr=0:0:0:0:0:0:0:1|RemoteHost=0:0:0:0:0:0:0:1|RemotePort=61239
2018-03-10 14:17:59.680 DEBUG 4496 --- [http-nio-8080-exec-8] c.kjz.www.article.mapper.IArticleMapper  : Cache Hit Ratio [com.kjz.www.article.mapper.IArticleMapper]: 0.3333333333333333
2018-03-10 14:17:59.681 DEBUG 4496 --- [http-nio-8080-exec-8] c.kjz.www.article.mapper.IArticleMapper  : Cache Hit Ratio [com.kjz.www.article.mapper.IArticleMapper]: 0.5
2018-03-10 14:18:03.435  INFO 4496 --- [http-nio-8080-exec-1] visitLog                                 : |X-Real-IP=null|RequestURI=/article/getAdminArticleList|RequestURL=http://localhost:8080/article/getAdminArticleList|referer=http://localhost:8080/admin/article/articleList.html|RequestedSessionId=23A68F41430B0F52D218E980AA1E9547|User-Agent=Mozilla/5.0 (Windows NT 10.0; Win64; x64) AppleWebKit/537.36 (KHTML, like Gecko) Chrome/63.0.3239.132 Safari/537.36|parameter={"keyword":[""],"order":["user_id"],"pageNo":["1"],"pageSize":["10"],"tbStatus":[""]}|SessionId=23A68F41430B0F52D218E980AA1E9547|RemoteAddr=0:0:0:0:0:0:0:1|RemoteHost=0:0:0:0:0:0:0:1|RemotePort=61239
2018-03-10 14:18:03.437 DEBUG 4496 --- [http-nio-8080-exec-1] c.kjz.www.article.mapper.IArticleMapper  : Cache Hit Ratio [com.kjz.www.article.mapper.IArticleMapper]: 0.6
2018-03-10 14:18:03.438 DEBUG 4496 --- [http-nio-8080-exec-1] c.kjz.www.article.mapper.IArticleMapper  : Cache Hit Ratio [com.kjz.www.article.mapper.IArticleMapper]: 0.6666666666666666
2018-03-10 14:18:03.502  INFO 4496 --- [http-nio-8080-exec-4] visitLog                                 : |X-Real-IP=null|RequestURI=/error|RequestURL=http://localhost:8080/error|referer=null|RequestedSessionId=23A68F41430B0F52D218E980AA1E9547|User-Agent=Mozilla/5.0 (Windows NT 10.0; Win64; x64) AppleWebKit/537.36 (KHTML, like Gecko) Chrome/63.0.3239.132 Safari/537.36|parameter={}|SessionId=23A68F41430B0F52D218E980AA1E9547|RemoteAddr=0:0:0:0:0:0:0:1|RemoteHost=0:0:0:0:0:0:0:1|RemotePort=61239
2018-03-13 09:17:13.459  INFO 2684 --- [main] com.kjz.www.ArticleApplication           : Starting ArticleApplication on PC-201801231402 with PID 2684 (started by Administrator in E:\Article项目\article)
2018-03-13 09:17:13.530  INFO 2684 --- [main] com.kjz.www.ArticleApplication           : No active profile set, falling back to default profiles: default
2018-03-13 09:17:15.179  WARN 2684 --- [main] o.m.s.mapper.ClassPathMapperScanner      : No MyBatis mapper was found in '[com.kjz.www]' package. Please check your configuration.
2018-03-13 09:17:16.127  INFO 2684 --- [main] o.apache.catalina.core.StandardService   : Starting service [Tomcat]
2018-03-13 09:17:16.129  INFO 2684 --- [main] org.apache.catalina.core.StandardEngine  : Starting Servlet Engine: Apache Tomcat/8.5.27
2018-03-13 09:17:16.239  INFO 2684 --- [localhost-startStop-1] o.a.c.c.C.[Tomcat].[localhost].[/]       : Initializing Spring embedded WebApplicationContext
2018-03-13 09:17:16.531  INFO 2684 --- [localhost-startStop-1] com.alibaba.druid.pool.DruidDataSource   : {dataSource-1} inited
2018-03-13 09:17:18.775  INFO 2684 --- [main] com.kjz.www.ArticleApplication           : Started ArticleApplication in 5.849 seconds (JVM running for 7.382)
2018-03-13 09:17:44.654  INFO 2684 --- [http-nio-8080-exec-1] o.a.c.c.C.[Tomcat].[localhost].[/]       : Initializing Spring FrameworkServlet 'dispatcherServlet'
2018-03-13 09:17:45.070  INFO 2684 --- [http-nio-8080-exec-3] visitLog                                 : |X-Real-IP=null|RequestURI=/article/getArticleBlogList|RequestURL=http://localhost:8080/article/getArticleBlogList|referer=http://localhost:8080/admin/article/articleList.html|RequestedSessionId=467B5017499069B03368C8F4F2626A8B|User-Agent=Mozilla/5.0 (Windows NT 10.0; Win64; x64) AppleWebKit/537.36 (KHTML, like Gecko) Chrome/63.0.3239.132 Safari/537.36|parameter={"keyword":[""],"order":["user_id"],"pageNo":["1"],"pageSize":["10"],"tbStatus":[""]}|SessionId=855A9404EF0371AB9B41A4B29BA6AF8D|RemoteAddr=0:0:0:0:0:0:0:1|RemoteHost=0:0:0:0:0:0:0:1|RemotePort=54031
2018-03-13 09:17:45.073  INFO 2684 --- [http-nio-8080-exec-4] visitLog                                 : |X-Real-IP=null|RequestURI=/error|RequestURL=http://localhost:8080/error|referer=null|RequestedSessionId=467B5017499069B03368C8F4F2626A8B|User-Agent=Mozilla/5.0 (Windows NT 10.0; Win64; x64) AppleWebKit/537.36 (KHTML, like Gecko) Chrome/63.0.3239.132 Safari/537.36|parameter={}|SessionId=0A0F378AEF578FAE0EA5B6DB116DCEE5|RemoteAddr=0:0:0:0:0:0:0:1|RemoteHost=0:0:0:0:0:0:0:1|RemotePort=54032
2018-03-13 09:17:45.200 DEBUG 2684 --- [http-nio-8080-exec-3] c.kjz.www.article.mapper.IArticleMapper  : Cache Hit Ratio [com.kjz.www.article.mapper.IArticleMapper]: 0.0
2018-03-13 09:17:45.215 DEBUG 2684 --- [http-nio-8080-exec-3] c.k.w.a.mapper.IArticleMapper.getCount   : ==>  Preparing: select count(article_id) from kjz_article WHERE tb_status='正常' and is_pass= '通过' and type_name='博客' 
2018-03-13 09:17:45.251 DEBUG 2684 --- [http-nio-8080-exec-3] c.k.w.a.mapper.IArticleMapper.getCount   : ==> Parameters: 
2018-03-13 09:17:45.286 DEBUG 2684 --- [http-nio-8080-exec-3] c.k.w.a.mapper.IArticleMapper.getCount   : <==      Total: 1
2018-03-13 09:17:45.299 DEBUG 2684 --- [http-nio-8080-exec-3] c.kjz.www.article.mapper.IArticleMapper  : Cache Hit Ratio [com.kjz.www.article.mapper.IArticleMapper]: 0.0
2018-03-13 09:17:45.300 DEBUG 2684 --- [http-nio-8080-exec-3] c.k.w.a.mapper.IArticleMapper.getList    : ==>  Preparing: select article_id,user_id,title,content,clicks,type_name,is_pass,create_time,modify_time,tb_status from kjz_article WHERE tb_status='正常' and is_pass= '通过' and type_name='博客' order by user_id desc limit 0, 10 
2018-03-13 09:17:45.302 DEBUG 2684 --- [http-nio-8080-exec-3] c.k.w.a.mapper.IArticleMapper.getList    : ==> Parameters: 
2018-03-13 09:17:45.318 DEBUG 2684 --- [http-nio-8080-exec-3] c.k.w.a.mapper.IArticleMapper.getList    : <==      Total: 1
